#
# There is insufficient memory for the Java Runtime Environment to continue.
# Native memory allocation (malloc) failed to allocate 1069856 bytes for Chunk::new
# Possible reasons:
#   The system is out of physical RAM or swap space
#   The process is running with CompressedOops enabled, and the Java Heap may be blocking the growth of the native heap
# Possible solutions:
#   Reduce memory load on the system
#   Increase physical memory or swap space
#   Check if swap backing store is full
#   Decrease Java heap size (-Xmx/-Xms)
#   Decrease number of Java threads
#   Decrease Java thread stack sizes (-Xss)
#   Set larger code cache with -XX:ReservedCodeCacheSize=
#   JVM is running with Unscaled Compressed Oops mode in which the Java heap is
#     placed in the first 4GB address space. The Java Heap base address is the
#     maximum limit for the native heap growth. Please use -XX:HeapBaseMinAddress
#     to set the Java Heap base and to place the Java Heap above 4GB virtual address.
# This output file may be truncated or incomplete.
#
#  Out of Memory Error (arena.cpp:189), pid=24264, tid=4216
#
# JRE version: Java(TM) SE Runtime Environment (17.0.12+8) (build 17.0.12+8-LTS-286)
# Java VM: Java HotSpot(TM) 64-Bit Server VM (17.0.12+8-LTS-286, mixed mode, sharing, tiered, compressed oops, compressed class ptrs, g1 gc, windows-amd64)
# No core dump will be written. Minidumps are not enabled by default on client versions of Windows
#

---------------  S U M M A R Y ------------

Command Line: -Dclassworlds.conf=C:\apache-maven-3.9.9\bin\m2.conf -Dmaven.home=C:\apache-maven-3.9.9 -Dlibrary.jansi.path=C:\apache-maven-3.9.9\lib\jansi-native -Dmaven.multiModuleProjectDirectory=D:\Github\KienTrucvaThietKe_phanMem\auth_service org.codehaus.plexus.classworlds.launcher.Launcher clean package -DskipTests

Host: 11th Gen Intel(R) Core(TM) i5-1135G7 @ 2.40GHz, 8 cores, 7G,  Windows 11 , 64 bit Build 26100 (10.0.26100.3775)
Time: Fri Apr 25 18:03:45 2025 SE Asia Standard Time elapsed time: 42.776254 seconds (0d 0h 0m 42s)

---------------  T H R E A D  ---------------

Current thread (0x000001787a2552b0):  JavaThread "C2 CompilerThread0" daemon [_thread_in_native, id=4216, stack(0x00000028c9a00000,0x00000028c9b00000)]


Current CompileTask:
C2:  42796 5738   !   4       com.sun.tools.javac.file.JavacFileManager$ArchiveContainer::walkDirectories (134 bytes)

Stack: [0x00000028c9a00000,0x00000028c9b00000]
Native frames: (J=compiled Java code, j=interpreted, Vv=VM code, C=native code)
V  [jvm.dll+0x67a04a]
V  [jvm.dll+0x7da4ed]
V  [jvm.dll+0x7dbe33]
V  [jvm.dll+0x7dc4a3]
V  [jvm.dll+0x24508f]
V  [jvm.dll+0xab773]
V  [jvm.dll+0xabd3c]
V  [jvm.dll+0x2aa52f]
V  [jvm.dll+0x581eb9]
V  [jvm.dll+0x21f422]
V  [jvm.dll+0x21f81f]
V  [jvm.dll+0x218aa0]
V  [jvm.dll+0x215b65]
V  [jvm.dll+0x1a2960]
V  [jvm.dll+0x22610b]
V  [jvm.dll+0x2242ab]
V  [jvm.dll+0x79075c]
V  [jvm.dll+0x78abea]
V  [jvm.dll+0x678f35]
C  [ucrtbase.dll+0x37b0]
C  [KERNEL32.DLL+0x2e8d7]
C  [ntdll.dll+0xb14fc]


---------------  P R O C E S S  ---------------

Threads class SMR info:
_java_thread_list=0x000001787f429a90, length=13, elements={
0x000001786aaa1ae0, 0x000001787a23b070, 0x000001787a23c4b0, 0x000001787a252b90,
0x000001787a253460, 0x000001787a253d30, 0x000001787a254600, 0x000001787a2552b0,
0x000001787a259360, 0x000001787a259c70, 0x000001787a4ad5d0, 0x000001787a4beb50,
0x000001787ae51be0
}

Java Threads: ( => current thread )
  0x000001786aaa1ae0 JavaThread "main" [_thread_in_native, id=24700, stack(0x00000028c8d00000,0x00000028c8e00000)]
  0x000001787a23b070 JavaThread "Reference Handler" daemon [_thread_blocked, id=7156, stack(0x00000028c9400000,0x00000028c9500000)]
  0x000001787a23c4b0 JavaThread "Finalizer" daemon [_thread_blocked, id=21496, stack(0x00000028c9500000,0x00000028c9600000)]
  0x000001787a252b90 JavaThread "Signal Dispatcher" daemon [_thread_blocked, id=17944, stack(0x00000028c9600000,0x00000028c9700000)]
  0x000001787a253460 JavaThread "Attach Listener" daemon [_thread_blocked, id=21016, stack(0x00000028c9700000,0x00000028c9800000)]
  0x000001787a253d30 JavaThread "Service Thread" daemon [_thread_blocked, id=22156, stack(0x00000028c9800000,0x00000028c9900000)]
  0x000001787a254600 JavaThread "Monitor Deflation Thread" daemon [_thread_blocked, id=22224, stack(0x00000028c9900000,0x00000028c9a00000)]
=>0x000001787a2552b0 JavaThread "C2 CompilerThread0" daemon [_thread_in_native, id=4216, stack(0x00000028c9a00000,0x00000028c9b00000)]
  0x000001787a259360 JavaThread "C1 CompilerThread0" daemon [_thread_blocked, id=7772, stack(0x00000028c9b00000,0x00000028c9c00000)]
  0x000001787a259c70 JavaThread "Sweeper thread" daemon [_thread_blocked, id=25744, stack(0x00000028c9c00000,0x00000028c9d00000)]
  0x000001787a4ad5d0 JavaThread "Notification Thread" daemon [_thread_blocked, id=21980, stack(0x00000028c9d00000,0x00000028c9e00000)]
  0x000001787a4beb50 JavaThread "Common-Cleaner" daemon [_thread_blocked, id=21540, stack(0x00000028c9f00000,0x00000028ca000000)]
  0x000001787ae51be0 JavaThread "Thread-1" daemon [_thread_blocked, id=25472, stack(0x00000028ca700000,0x00000028ca800000)]

Other Threads:
  0x000001787a2364b0 VMThread "VM Thread" [stack: 0x00000028c9300000,0x00000028c9400000] [id=24424]
  0x000001787a4be300 WatcherThread [stack: 0x00000028c9e00000,0x00000028c9f00000] [id=26228]
  0x000001786aafdc50 GCTaskThread "GC Thread#0" [stack: 0x00000028c8e00000,0x00000028c8f00000] [id=25320]
  0x000001787a4d5990 GCTaskThread "GC Thread#1" [stack: 0x00000028ca000000,0x00000028ca100000] [id=25304]
  0x000001787a4d6a10 GCTaskThread "GC Thread#2" [stack: 0x00000028ca100000,0x00000028ca200000] [id=24684]
  0x000001787a4d6cd0 GCTaskThread "GC Thread#3" [stack: 0x00000028ca200000,0x00000028ca300000] [id=5088]
  0x000001787a4d5c50 GCTaskThread "GC Thread#4" [stack: 0x00000028ca300000,0x00000028ca400000] [id=2552]
  0x000001787a4d5f10 GCTaskThread "GC Thread#5" [stack: 0x00000028ca400000,0x00000028ca500000] [id=24492]
  0x000001787a4d6490 GCTaskThread "GC Thread#6" [stack: 0x00000028ca500000,0x00000028ca600000] [id=19336]
  0x000001787a4d6f90 GCTaskThread "GC Thread#7" [stack: 0x00000028ca600000,0x00000028ca700000] [id=20052]
  0x000001786ab0e2e0 ConcurrentGCThread "G1 Main Marker" [stack: 0x00000028c8f00000,0x00000028c9000000] [id=24792]
  0x000001786ab0f9c0 ConcurrentGCThread "G1 Conc#0" [stack: 0x00000028c9000000,0x00000028c9100000] [id=11176]
  0x0000017850172480 ConcurrentGCThread "G1 Conc#1" [stack: 0x00000028ca800000,0x00000028ca900000] [id=23476]
  0x000001787a0e1c20 ConcurrentGCThread "G1 Refine#0" [stack: 0x00000028c9100000,0x00000028c9200000] [id=20700]
  0x000001787a0e2910 ConcurrentGCThread "G1 Service" [stack: 0x00000028c9200000,0x00000028c9300000] [id=25620]

Threads with active compile tasks:
C2 CompilerThread0    43309 5738   !   4       com.sun.tools.javac.file.JavacFileManager$ArchiveContainer::walkDirectories (134 bytes)

VM state: not at safepoint (normal execution)

VM Mutex/Monitor currently owned by a thread: None

Heap address: 0x0000000084600000, size: 1978 MB, Compressed Oops mode: 32-bit

CDS archive(s) mapped at: [0x000001780f000000-0x000001780fbd0000-0x000001780fbd0000), size 12386304, SharedBaseAddress: 0x000001780f000000, ArchiveRelocationMode: 1.
Compressed class space mapped at: 0x0000017810000000-0x0000017850000000, reserved size: 1073741824
Narrow klass base: 0x000001780f000000, Narrow klass shift: 0, Narrow klass range: 0x100000000

GC Precious Log:
 CPUs: 8 total, 8 available
 Memory: 7908M
 Large Page Support: Disabled
 NUMA Support: Disabled
 Compressed Oops: Enabled (32-bit)
 Heap Region Size: 1M
 Heap Min Capacity: 8M
 Heap Initial Capacity: 124M
 Heap Max Capacity: 1978M
 Pre-touch: Disabled
 Parallel Workers: 8
 Concurrent Workers: 2
 Concurrent Refinement Workers: 8
 Periodic GC: Disabled

Heap:
 garbage-first heap   total 152576K, used 50044K [0x0000000084600000, 0x0000000100000000)
  region size 1024K, 24 young (24576K), 2 survivors (2048K)
 Metaspace       used 26002K, committed 26368K, reserved 1114112K
  class space    used 2987K, committed 3136K, reserved 1048576K

Heap Regions: E=young(eden), S=young(survivor), O=old, HS=humongous(starts), HC=humongous(continues), CS=collection set, F=free, OA=open archive, CA=closed archive, TAMS=top-at-mark-start (previous, next)
|   0|0x0000000084600000, 0x0000000084700000, 0x0000000084700000|100%| O|  |TAMS 0x0000000084700000, 0x0000000084600000| Untracked 
|   1|0x0000000084700000, 0x0000000084800000, 0x0000000084800000|100%| O|  |TAMS 0x0000000084800000, 0x0000000084700000| Untracked 
|   2|0x0000000084800000, 0x0000000084900000, 0x0000000084900000|100%| O|  |TAMS 0x0000000084900000, 0x0000000084800000| Untracked 
|   3|0x0000000084900000, 0x0000000084a00000, 0x0000000084a00000|100%| O|  |TAMS 0x0000000084a00000, 0x0000000084900000| Untracked 
|   4|0x0000000084a00000, 0x0000000084b00000, 0x0000000084b00000|100%| O|  |TAMS 0x0000000084b00000, 0x0000000084a00000| Untracked 
|   5|0x0000000084b00000, 0x0000000084c00000, 0x0000000084c00000|100%| O|  |TAMS 0x0000000084c00000, 0x0000000084b00000| Untracked 
|   6|0x0000000084c00000, 0x0000000084d00000, 0x0000000084d00000|100%| O|  |TAMS 0x0000000084d00000, 0x0000000084c00000| Untracked 
|   7|0x0000000084d00000, 0x0000000084e00000, 0x0000000084e00000|100%| O|  |TAMS 0x0000000084e00000, 0x0000000084d00000| Untracked 
|   8|0x0000000084e00000, 0x0000000084f00000, 0x0000000084f00000|100%| O|  |TAMS 0x0000000084f00000, 0x0000000084e00000| Untracked 
|   9|0x0000000084f00000, 0x0000000085000000, 0x0000000085000000|100%| O|  |TAMS 0x0000000085000000, 0x0000000084f00000| Untracked 
|  10|0x0000000085000000, 0x0000000085100000, 0x0000000085100000|100%| O|  |TAMS 0x0000000085100000, 0x0000000085000000| Untracked 
|  11|0x0000000085100000, 0x0000000085200000, 0x0000000085200000|100%| O|  |TAMS 0x0000000085200000, 0x0000000085100000| Untracked 
|  12|0x0000000085200000, 0x0000000085300000, 0x0000000085300000|100%| O|  |TAMS 0x0000000085300000, 0x0000000085200000| Untracked 
|  13|0x0000000085300000, 0x0000000085400000, 0x0000000085400000|100%| O|  |TAMS 0x0000000085400000, 0x0000000085300000| Untracked 
|  14|0x0000000085400000, 0x0000000085500000, 0x0000000085500000|100%| O|  |TAMS 0x0000000085500000, 0x0000000085400000| Untracked 
|  15|0x0000000085500000, 0x0000000085600000, 0x0000000085600000|100%| O|  |TAMS 0x0000000085600000, 0x0000000085500000| Untracked 
|  16|0x0000000085600000, 0x0000000085700000, 0x0000000085700000|100%| O|  |TAMS 0x0000000085680000, 0x0000000085600000| Untracked 
|  17|0x0000000085700000, 0x0000000085800000, 0x0000000085800000|100%| O|  |TAMS 0x0000000085700000, 0x0000000085700000| Untracked 
|  18|0x0000000085800000, 0x0000000085900000, 0x0000000085900000|100%|HS|  |TAMS 0x0000000085800000, 0x0000000085800000| Complete 
|  19|0x0000000085900000, 0x0000000085900000, 0x0000000085a00000|  0%| F|  |TAMS 0x0000000085900000, 0x0000000085900000| Untracked 
|  20|0x0000000085a00000, 0x0000000085b00000, 0x0000000085b00000|100%|HS|  |TAMS 0x0000000085b00000, 0x0000000085a00000| Complete 
|  21|0x0000000085b00000, 0x0000000085c00000, 0x0000000085c00000|100%|HC|  |TAMS 0x0000000085c00000, 0x0000000085b00000| Complete 
|  22|0x0000000085c00000, 0x0000000085ce5200, 0x0000000085d00000| 89%| O|  |TAMS 0x0000000085c00000, 0x0000000085c00000| Untracked 
|  23|0x0000000085d00000, 0x0000000085e00000, 0x0000000085e00000|100%| O|  |TAMS 0x0000000085d00000, 0x0000000085d00000| Untracked 
|  24|0x0000000085e00000, 0x0000000085f00000, 0x0000000085f00000|100%| O|  |TAMS 0x0000000085e00000, 0x0000000085e00000| Untracked 
|  25|0x0000000085f00000, 0x0000000086000000, 0x0000000086000000|100%| O|  |TAMS 0x0000000085f00000, 0x0000000085f00000| Untracked 
|  26|0x0000000086000000, 0x0000000086100000, 0x0000000086100000|100%| O|  |TAMS 0x0000000086000000, 0x0000000086000000| Untracked 
|  27|0x0000000086100000, 0x000000008617c800, 0x0000000086200000| 48%| O|  |TAMS 0x0000000086100000, 0x0000000086100000| Untracked 
|  28|0x0000000086200000, 0x0000000086200000, 0x0000000086300000|  0%| F|  |TAMS 0x0000000086200000, 0x0000000086200000| Untracked 
|  29|0x0000000086300000, 0x0000000086300000, 0x0000000086400000|  0%| F|  |TAMS 0x0000000086300000, 0x0000000086300000| Untracked 
|  30|0x0000000086400000, 0x0000000086400000, 0x0000000086500000|  0%| F|  |TAMS 0x0000000086400000, 0x0000000086400000| Untracked 
|  31|0x0000000086500000, 0x0000000086500000, 0x0000000086600000|  0%| F|  |TAMS 0x0000000086500000, 0x0000000086500000| Untracked 
|  32|0x0000000086600000, 0x0000000086600000, 0x0000000086700000|  0%| F|  |TAMS 0x0000000086600000, 0x0000000086600000| Untracked 
|  33|0x0000000086700000, 0x0000000086700000, 0x0000000086800000|  0%| F|  |TAMS 0x0000000086700000, 0x0000000086700000| Untracked 
|  34|0x0000000086800000, 0x0000000086800000, 0x0000000086900000|  0%| F|  |TAMS 0x0000000086800000, 0x0000000086800000| Untracked 
|  35|0x0000000086900000, 0x0000000086900000, 0x0000000086a00000|  0%| F|  |TAMS 0x0000000086900000, 0x0000000086900000| Untracked 
|  36|0x0000000086a00000, 0x0000000086a00000, 0x0000000086b00000|  0%| F|  |TAMS 0x0000000086a00000, 0x0000000086a00000| Untracked 
|  37|0x0000000086b00000, 0x0000000086b00000, 0x0000000086c00000|  0%| F|  |TAMS 0x0000000086b00000, 0x0000000086b00000| Untracked 
|  38|0x0000000086c00000, 0x0000000086c00000, 0x0000000086d00000|  0%| F|  |TAMS 0x0000000086c00000, 0x0000000086c00000| Untracked 
|  39|0x0000000086d00000, 0x0000000086d00000, 0x0000000086e00000|  0%| F|  |TAMS 0x0000000086d00000, 0x0000000086d00000| Untracked 
|  40|0x0000000086e00000, 0x0000000086e00000, 0x0000000086f00000|  0%| F|  |TAMS 0x0000000086e00000, 0x0000000086e00000| Untracked 
|  41|0x0000000086f00000, 0x0000000086f00000, 0x0000000087000000|  0%| F|  |TAMS 0x0000000086f00000, 0x0000000086f00000| Untracked 
|  42|0x0000000087000000, 0x0000000087000000, 0x0000000087100000|  0%| F|  |TAMS 0x0000000087000000, 0x0000000087000000| Untracked 
|  43|0x0000000087100000, 0x0000000087100000, 0x0000000087200000|  0%| F|  |TAMS 0x0000000087100000, 0x0000000087100000| Untracked 
|  44|0x0000000087200000, 0x0000000087200000, 0x0000000087300000|  0%| F|  |TAMS 0x0000000087200000, 0x0000000087200000| Untracked 
|  45|0x0000000087300000, 0x0000000087300000, 0x0000000087400000|  0%| F|  |TAMS 0x0000000087300000, 0x0000000087300000| Untracked 
|  46|0x0000000087400000, 0x0000000087400000, 0x0000000087500000|  0%| F|  |TAMS 0x0000000087400000, 0x0000000087400000| Untracked 
|  47|0x0000000087500000, 0x0000000087500000, 0x0000000087600000|  0%| F|  |TAMS 0x0000000087500000, 0x0000000087500000| Untracked 
|  48|0x0000000087600000, 0x0000000087600000, 0x0000000087700000|  0%| F|  |TAMS 0x0000000087600000, 0x0000000087600000| Untracked 
|  49|0x0000000087700000, 0x0000000087700000, 0x0000000087800000|  0%| F|  |TAMS 0x0000000087700000, 0x0000000087700000| Untracked 
|  50|0x0000000087800000, 0x0000000087800000, 0x0000000087900000|  0%| F|  |TAMS 0x0000000087800000, 0x0000000087800000| Untracked 
|  51|0x0000000087900000, 0x0000000087900000, 0x0000000087a00000|  0%| F|  |TAMS 0x0000000087900000, 0x0000000087900000| Untracked 
|  52|0x0000000087a00000, 0x0000000087a00000, 0x0000000087b00000|  0%| F|  |TAMS 0x0000000087a00000, 0x0000000087a00000| Untracked 
|  53|0x0000000087b00000, 0x0000000087b00000, 0x0000000087c00000|  0%| F|  |TAMS 0x0000000087b00000, 0x0000000087b00000| Untracked 
|  54|0x0000000087c00000, 0x0000000087c00000, 0x0000000087d00000|  0%| F|  |TAMS 0x0000000087c00000, 0x0000000087c00000| Untracked 
|  55|0x0000000087d00000, 0x0000000087d00000, 0x0000000087e00000|  0%| F|  |TAMS 0x0000000087d00000, 0x0000000087d00000| Untracked 
|  56|0x0000000087e00000, 0x0000000087e00000, 0x0000000087f00000|  0%| F|  |TAMS 0x0000000087e00000, 0x0000000087e00000| Untracked 
|  57|0x0000000087f00000, 0x0000000087f00000, 0x0000000088000000|  0%| F|  |TAMS 0x0000000087f00000, 0x0000000087f00000| Untracked 
|  58|0x0000000088000000, 0x0000000088000000, 0x0000000088100000|  0%| F|  |TAMS 0x0000000088000000, 0x0000000088000000| Untracked 
|  59|0x0000000088100000, 0x0000000088100000, 0x0000000088200000|  0%| F|  |TAMS 0x0000000088100000, 0x0000000088100000| Untracked 
|  60|0x0000000088200000, 0x0000000088200000, 0x0000000088300000|  0%| F|  |TAMS 0x0000000088200000, 0x0000000088200000| Untracked 
|  61|0x0000000088300000, 0x0000000088300000, 0x0000000088400000|  0%| F|  |TAMS 0x0000000088300000, 0x0000000088300000| Untracked 
|  62|0x0000000088400000, 0x0000000088400000, 0x0000000088500000|  0%| F|  |TAMS 0x0000000088400000, 0x0000000088400000| Untracked 
|  63|0x0000000088500000, 0x0000000088500000, 0x0000000088600000|  0%| F|  |TAMS 0x0000000088500000, 0x0000000088500000| Untracked 
|  64|0x0000000088600000, 0x0000000088600000, 0x0000000088700000|  0%| F|  |TAMS 0x0000000088600000, 0x0000000088600000| Untracked 
|  65|0x0000000088700000, 0x0000000088700000, 0x0000000088800000|  0%| F|  |TAMS 0x0000000088700000, 0x0000000088700000| Untracked 
|  66|0x0000000088800000, 0x0000000088800000, 0x0000000088900000|  0%| F|  |TAMS 0x0000000088800000, 0x0000000088800000| Untracked 
|  67|0x0000000088900000, 0x0000000088900000, 0x0000000088a00000|  0%| F|  |TAMS 0x0000000088900000, 0x0000000088900000| Untracked 
|  68|0x0000000088a00000, 0x0000000088a00000, 0x0000000088b00000|  0%| F|  |TAMS 0x0000000088a00000, 0x0000000088a00000| Untracked 
|  69|0x0000000088b00000, 0x0000000088b00000, 0x0000000088c00000|  0%| F|  |TAMS 0x0000000088b00000, 0x0000000088b00000| Untracked 
|  70|0x0000000088c00000, 0x0000000088c00000, 0x0000000088d00000|  0%| F|  |TAMS 0x0000000088c00000, 0x0000000088c00000| Untracked 
|  71|0x0000000088d00000, 0x0000000088d00000, 0x0000000088e00000|  0%| F|  |TAMS 0x0000000088d00000, 0x0000000088d00000| Untracked 
|  72|0x0000000088e00000, 0x0000000088e00000, 0x0000000088f00000|  0%| F|  |TAMS 0x0000000088e00000, 0x0000000088e00000| Untracked 
|  73|0x0000000088f00000, 0x0000000088f00000, 0x0000000089000000|  0%| F|  |TAMS 0x0000000088f00000, 0x0000000088f00000| Untracked 
|  74|0x0000000089000000, 0x0000000089000000, 0x0000000089100000|  0%| F|  |TAMS 0x0000000089000000, 0x0000000089000000| Untracked 
|  75|0x0000000089100000, 0x0000000089100000, 0x0000000089200000|  0%| F|  |TAMS 0x0000000089100000, 0x0000000089100000| Untracked 
|  76|0x0000000089200000, 0x0000000089200000, 0x0000000089300000|  0%| F|  |TAMS 0x0000000089200000, 0x0000000089200000| Untracked 
|  77|0x0000000089300000, 0x0000000089300000, 0x0000000089400000|  0%| F|  |TAMS 0x0000000089300000, 0x0000000089300000| Untracked 
|  78|0x0000000089400000, 0x0000000089400000, 0x0000000089500000|  0%| F|  |TAMS 0x0000000089400000, 0x0000000089400000| Untracked 
|  79|0x0000000089500000, 0x0000000089500000, 0x0000000089600000|  0%| F|  |TAMS 0x0000000089500000, 0x0000000089500000| Untracked 
|  80|0x0000000089600000, 0x0000000089600000, 0x0000000089700000|  0%| F|  |TAMS 0x0000000089600000, 0x0000000089600000| Untracked 
|  81|0x0000000089700000, 0x0000000089700000, 0x0000000089800000|  0%| F|  |TAMS 0x0000000089700000, 0x0000000089700000| Untracked 
|  82|0x0000000089800000, 0x0000000089800000, 0x0000000089900000|  0%| F|  |TAMS 0x0000000089800000, 0x0000000089800000| Untracked 
|  83|0x0000000089900000, 0x0000000089900000, 0x0000000089a00000|  0%| F|  |TAMS 0x0000000089900000, 0x0000000089900000| Untracked 
|  84|0x0000000089a00000, 0x0000000089a00000, 0x0000000089b00000|  0%| F|  |TAMS 0x0000000089a00000, 0x0000000089a00000| Untracked 
|  85|0x0000000089b00000, 0x0000000089b00000, 0x0000000089c00000|  0%| F|  |TAMS 0x0000000089b00000, 0x0000000089b00000| Untracked 
|  86|0x0000000089c00000, 0x0000000089c7d860, 0x0000000089d00000| 49%| S|CS|TAMS 0x0000000089c00000, 0x0000000089c00000| Complete 
|  87|0x0000000089d00000, 0x0000000089e00000, 0x0000000089e00000|100%| S|CS|TAMS 0x0000000089d00000, 0x0000000089d00000| Complete 
|  88|0x0000000089e00000, 0x0000000089e00000, 0x0000000089f00000|  0%| F|  |TAMS 0x0000000089e00000, 0x0000000089e00000| Untracked 
|  89|0x0000000089f00000, 0x0000000089f00000, 0x000000008a000000|  0%| F|  |TAMS 0x0000000089f00000, 0x0000000089f00000| Untracked 
|  90|0x000000008a000000, 0x000000008a000000, 0x000000008a100000|  0%| F|  |TAMS 0x000000008a000000, 0x000000008a000000| Untracked 
|  91|0x000000008a100000, 0x000000008a100000, 0x000000008a200000|  0%| F|  |TAMS 0x000000008a100000, 0x000000008a100000| Untracked 
|  92|0x000000008a200000, 0x000000008a200000, 0x000000008a300000|  0%| F|  |TAMS 0x000000008a200000, 0x000000008a200000| Untracked 
|  93|0x000000008a300000, 0x000000008a300000, 0x000000008a400000|  0%| F|  |TAMS 0x000000008a300000, 0x000000008a300000| Untracked 
|  94|0x000000008a400000, 0x000000008a400000, 0x000000008a500000|  0%| F|  |TAMS 0x000000008a400000, 0x000000008a400000| Untracked 
|  95|0x000000008a500000, 0x000000008a500000, 0x000000008a600000|  0%| F|  |TAMS 0x000000008a500000, 0x000000008a500000| Untracked 
|  96|0x000000008a600000, 0x000000008a600000, 0x000000008a700000|  0%| F|  |TAMS 0x000000008a600000, 0x000000008a600000| Untracked 
|  97|0x000000008a700000, 0x000000008a700000, 0x000000008a800000|  0%| F|  |TAMS 0x000000008a700000, 0x000000008a700000| Untracked 
|  98|0x000000008a800000, 0x000000008a800000, 0x000000008a900000|  0%| F|  |TAMS 0x000000008a800000, 0x000000008a800000| Untracked 
|  99|0x000000008a900000, 0x000000008a900000, 0x000000008aa00000|  0%| F|  |TAMS 0x000000008a900000, 0x000000008a900000| Untracked 
| 100|0x000000008aa00000, 0x000000008aa00000, 0x000000008ab00000|  0%| F|  |TAMS 0x000000008aa00000, 0x000000008aa00000| Untracked 
| 101|0x000000008ab00000, 0x000000008ab00000, 0x000000008ac00000|  0%| F|  |TAMS 0x000000008ab00000, 0x000000008ab00000| Untracked 
| 102|0x000000008ac00000, 0x000000008ac00000, 0x000000008ad00000|  0%| F|  |TAMS 0x000000008ac00000, 0x000000008ac00000| Untracked 
| 103|0x000000008ad00000, 0x000000008ad00000, 0x000000008ae00000|  0%| F|  |TAMS 0x000000008ad00000, 0x000000008ad00000| Untracked 
| 104|0x000000008ae00000, 0x000000008ae00000, 0x000000008af00000|  0%| F|  |TAMS 0x000000008ae00000, 0x000000008ae00000| Untracked 
| 105|0x000000008af00000, 0x000000008af00000, 0x000000008b000000|  0%| F|  |TAMS 0x000000008af00000, 0x000000008af00000| Untracked 
| 106|0x000000008b000000, 0x000000008b000000, 0x000000008b100000|  0%| F|  |TAMS 0x000000008b000000, 0x000000008b000000| Untracked 
| 107|0x000000008b100000, 0x000000008b100000, 0x000000008b200000|  0%| F|  |TAMS 0x000000008b100000, 0x000000008b100000| Untracked 
| 108|0x000000008b200000, 0x000000008b200000, 0x000000008b300000|  0%| F|  |TAMS 0x000000008b200000, 0x000000008b200000| Untracked 
| 109|0x000000008b300000, 0x000000008b300000, 0x000000008b400000|  0%| F|  |TAMS 0x000000008b300000, 0x000000008b300000| Untracked 
| 110|0x000000008b400000, 0x000000008b400000, 0x000000008b500000|  0%| F|  |TAMS 0x000000008b400000, 0x000000008b400000| Untracked 
| 111|0x000000008b500000, 0x000000008b500000, 0x000000008b600000|  0%| F|  |TAMS 0x000000008b500000, 0x000000008b500000| Untracked 
| 112|0x000000008b600000, 0x000000008b600000, 0x000000008b700000|  0%| F|  |TAMS 0x000000008b600000, 0x000000008b600000| Untracked 
| 113|0x000000008b700000, 0x000000008b700000, 0x000000008b800000|  0%| F|  |TAMS 0x000000008b700000, 0x000000008b700000| Untracked 
| 114|0x000000008b800000, 0x000000008b800000, 0x000000008b900000|  0%| F|  |TAMS 0x000000008b800000, 0x000000008b800000| Untracked 
| 115|0x000000008b900000, 0x000000008b900000, 0x000000008ba00000|  0%| F|  |TAMS 0x000000008b900000, 0x000000008b900000| Untracked 
| 116|0x000000008ba00000, 0x000000008ba00000, 0x000000008bb00000|  0%| F|  |TAMS 0x000000008ba00000, 0x000000008ba00000| Untracked 
| 117|0x000000008bb00000, 0x000000008bb00000, 0x000000008bc00000|  0%| F|  |TAMS 0x000000008bb00000, 0x000000008bb00000| Untracked 
| 118|0x000000008bc00000, 0x000000008bc00000, 0x000000008bd00000|  0%| F|  |TAMS 0x000000008bc00000, 0x000000008bc00000| Untracked 
| 119|0x000000008bd00000, 0x000000008bd00000, 0x000000008be00000|  0%| F|  |TAMS 0x000000008bd00000, 0x000000008bd00000| Untracked 
| 120|0x000000008be00000, 0x000000008be00000, 0x000000008bf00000|  0%| F|  |TAMS 0x000000008be00000, 0x000000008be00000| Untracked 
| 121|0x000000008bf00000, 0x000000008bf00000, 0x000000008c000000|  0%| F|  |TAMS 0x000000008bf00000, 0x000000008bf00000| Untracked 
| 122|0x000000008c000000, 0x000000008c000000, 0x000000008c100000|  0%| F|  |TAMS 0x000000008c000000, 0x000000008c000000| Untracked 
| 123|0x000000008c100000, 0x000000008c100000, 0x000000008c200000|  0%| F|  |TAMS 0x000000008c100000, 0x000000008c100000| Untracked 
| 124|0x000000008c200000, 0x000000008c200000, 0x000000008c300000|  0%| F|  |TAMS 0x000000008c200000, 0x000000008c200000| Untracked 
| 125|0x000000008c300000, 0x000000008c300000, 0x000000008c400000|  0%| F|  |TAMS 0x000000008c300000, 0x000000008c300000| Untracked 
| 126|0x000000008c400000, 0x000000008c500000, 0x000000008c500000|100%| E|  |TAMS 0x000000008c400000, 0x000000008c400000| Complete 
| 127|0x000000008c500000, 0x000000008c600000, 0x000000008c600000|100%| E|CS|TAMS 0x000000008c500000, 0x000000008c500000| Complete 
| 128|0x000000008c600000, 0x000000008c700000, 0x000000008c700000|100%| E|CS|TAMS 0x000000008c600000, 0x000000008c600000| Complete 
| 129|0x000000008c700000, 0x000000008c800000, 0x000000008c800000|100%| E|CS|TAMS 0x000000008c700000, 0x000000008c700000| Complete 
| 130|0x000000008c800000, 0x000000008c900000, 0x000000008c900000|100%| E|CS|TAMS 0x000000008c800000, 0x000000008c800000| Complete 
| 131|0x000000008c900000, 0x000000008ca00000, 0x000000008ca00000|100%| E|CS|TAMS 0x000000008c900000, 0x000000008c900000| Complete 
| 132|0x000000008ca00000, 0x000000008cb00000, 0x000000008cb00000|100%| E|CS|TAMS 0x000000008ca00000, 0x000000008ca00000| Complete 
| 133|0x000000008cb00000, 0x000000008cc00000, 0x000000008cc00000|100%| E|CS|TAMS 0x000000008cb00000, 0x000000008cb00000| Complete 
| 134|0x000000008cc00000, 0x000000008cd00000, 0x000000008cd00000|100%| E|CS|TAMS 0x000000008cc00000, 0x000000008cc00000| Complete 
| 135|0x000000008cd00000, 0x000000008ce00000, 0x000000008ce00000|100%| E|CS|TAMS 0x000000008cd00000, 0x000000008cd00000| Complete 
| 136|0x000000008ce00000, 0x000000008cf00000, 0x000000008cf00000|100%| E|CS|TAMS 0x000000008ce00000, 0x000000008ce00000| Complete 
| 137|0x000000008cf00000, 0x000000008d000000, 0x000000008d000000|100%| E|CS|TAMS 0x000000008cf00000, 0x000000008cf00000| Complete 
| 138|0x000000008d000000, 0x000000008d100000, 0x000000008d100000|100%| E|CS|TAMS 0x000000008d000000, 0x000000008d000000| Complete 
| 139|0x000000008d100000, 0x000000008d200000, 0x000000008d200000|100%| E|CS|TAMS 0x000000008d100000, 0x000000008d100000| Complete 
| 140|0x000000008d200000, 0x000000008d300000, 0x000000008d300000|100%| E|CS|TAMS 0x000000008d200000, 0x000000008d200000| Complete 
| 141|0x000000008d300000, 0x000000008d400000, 0x000000008d400000|100%| E|CS|TAMS 0x000000008d300000, 0x000000008d300000| Complete 
| 142|0x000000008d400000, 0x000000008d500000, 0x000000008d500000|100%| E|CS|TAMS 0x000000008d400000, 0x000000008d400000| Complete 
| 143|0x000000008d500000, 0x000000008d600000, 0x000000008d600000|100%| E|CS|TAMS 0x000000008d500000, 0x000000008d500000| Complete 
| 144|0x000000008d600000, 0x000000008d700000, 0x000000008d700000|100%| E|CS|TAMS 0x000000008d600000, 0x000000008d600000| Complete 
| 145|0x000000008d700000, 0x000000008d800000, 0x000000008d800000|100%| E|CS|TAMS 0x000000008d700000, 0x000000008d700000| Complete 
| 146|0x000000008d800000, 0x000000008d900000, 0x000000008d900000|100%| E|CS|TAMS 0x000000008d800000, 0x000000008d800000| Complete 
| 147|0x000000008d900000, 0x000000008da00000, 0x000000008da00000|100%| E|CS|TAMS 0x000000008d900000, 0x000000008d900000| Complete 
| 148|0x000000008da00000, 0x000000008db00000, 0x000000008db00000|100%| E|CS|TAMS 0x000000008da00000, 0x000000008da00000| Complete 

Card table byte_map: [0x0000017873220000,0x0000017873600000] _byte_map_base: 0x0000017872dfd000

Marking Bits (Prev, Next): (CMBitMap*) 0x000001786aafe2b0, (CMBitMap*) 0x000001786aafe270
 Prev Bits: [0x00000178758d0000, 0x00000178777b8000)
 Next Bits: [0x00000178739e0000, 0x00000178758c8000)

Polling page: 0x0000017869270000

Metaspace:

Usage:
  Non-class:     22.48 MB used.
      Class:      2.92 MB used.
       Both:     25.39 MB used.

Virtual space:
  Non-class space:       64.00 MB reserved,      22.69 MB ( 35%) committed,  1 nodes.
      Class space:        1.00 GB reserved,       3.06 MB ( <1%) committed,  1 nodes.
             Both:        1.06 GB reserved,      25.75 MB (  2%) committed. 

Chunk freelists:
   Non-Class:  9.28 MB
       Class:  12.91 MB
        Both:  22.19 MB

MaxMetaspaceSize: unlimited
CompressedClassSpaceSize: 1.00 GB
Initial GC threshold: 21.00 MB
Current GC threshold: 35.56 MB
CDS: on
MetaspaceReclaimPolicy: balanced
 - commit_granule_bytes: 65536.
 - commit_granule_words: 8192.
 - virtual_space_node_default_size: 8388608.
 - enlarge_chunks_in_place: 1.
 - new_chunks_are_fully_committed: 0.
 - uncommit_free_chunks: 1.
 - use_allocation_guard: 0.
 - handle_deallocations: 1.


Internal statistics:

num_allocs_failed_limit: 3.
num_arena_births: 176.
num_arena_deaths: 0.
num_vsnodes_births: 2.
num_vsnodes_deaths: 0.
num_space_committed: 412.
num_space_uncommitted: 0.
num_chunks_returned_to_freelist: 3.
num_chunks_taken_from_freelist: 1104.
num_chunk_merges: 3.
num_chunk_splits: 775.
num_chunks_enlarged: 613.
num_inconsistent_stats: 0.

CodeHeap 'non-profiled nmethods': size=120000Kb used=2742Kb max_used=2982Kb free=117257Kb
 bounds [0x0000017807ad0000, 0x0000017807dc0000, 0x000001780f000000]
CodeHeap 'profiled nmethods': size=120000Kb used=10381Kb max_used=11721Kb free=109618Kb
 bounds [0x0000017800000000, 0x0000017800bb0000, 0x0000017807530000]
CodeHeap 'non-nmethods': size=5760Kb used=1219Kb max_used=1263Kb free=4540Kb
 bounds [0x0000017807530000, 0x00000178077a0000, 0x0000017807ad0000]
 total_blobs=5446 nmethods=4939 adapters=419
 compilation: enabled
              stopped_count=0, restarted_count=0
 full_count=0

Compilation events (20 events):
Event: 42.197 Thread 0x000001787fa4b620 5737       4       jdk.nio.zipfs.ZipPath::getFileName (5 bytes)
Event: 42.200 Thread 0x000001787a259360 5758   !   3       jdk.nio.zipfs.ZipFileSystem::isDirectory (42 bytes)
Event: 42.202 Thread 0x000001787a259360 nmethod 5758 0x000001780004be10 code [0x000001780004c080, 0x000001780004ce98]
Event: 42.202 Thread 0x000001787a259360 5759  s    3       jdk.nio.zipfs.ZipDirectoryStream::close (6 bytes)
Event: 42.202 Thread 0x000001787a259360 nmethod 5759 0x0000017800a32590 code [0x0000017800a32720, 0x0000017800a328d8]
Event: 42.212 Thread 0x000001787fa4b620 nmethod 5737 0x0000017807d16c10 code [0x0000017807d16da0, 0x0000017807d17538]
Event: 42.212 Thread 0x000001787fa4b620 5728       4       jdk.nio.zipfs.ZipPath::resolve (42 bytes)
Event: 42.215 Thread 0x000001787fa4b620 nmethod 5728 0x0000017807d16710 code [0x0000017807d168a0, 0x0000017807d169e8]
Event: 42.215 Thread 0x000001787fa4b620 5740       4       jdk.nio.zipfs.ZipDirectoryStream$1::next (5 bytes)
Event: 42.219 Thread 0x000001787fa4b620 nmethod 5740 0x0000017807b49490 code [0x0000017807b49620, 0x0000017807b49938]
Event: 42.219 Thread 0x000001787fa4b620 5739       4       com.sun.tools.javac.file.JavacFileManager$ArchiveContainer::isValid (39 bytes)
Event: 42.230 Thread 0x000001787a259360 5760       3       java.lang.Class::protectionDomain (48 bytes)
Event: 42.230 Thread 0x000001787a259360 nmethod 5760 0x000001780020be90 code [0x000001780020c0c0, 0x000001780020c718]
Event: 42.239 Thread 0x000001787a259360 5762       1       java.time.LocalDateTime::toLocalDate (5 bytes)
Event: 42.239 Thread 0x000001787fa4b620 nmethod 5739 0x0000017807afce90 code [0x0000017807afd040, 0x0000017807afd588]
Event: 42.239 Thread 0x000001787a259360 nmethod 5762 0x0000017807b24110 code [0x0000017807b242a0, 0x0000017807b24378]
Event: 42.260 Thread 0x000001787a259360 5763       1       sun.nio.ch.FileDispatcherImpl::needsPositionLock (2 bytes)
Event: 42.260 Thread 0x000001787a259360 nmethod 5763 0x0000017807b23e10 code [0x0000017807b23fa0, 0x0000017807b24078]
Event: 42.266 Thread 0x000001787a259360 5764       3       java.util.Collections$SingletonMap::get (20 bytes)
Event: 42.267 Thread 0x000001787a259360 nmethod 5764 0x0000017800a31e10 code [0x0000017800a31fe0, 0x0000017800a32368]

GC Heap History (16 events):
Event: 2.000 GC heap before
{Heap before GC invocations=0 (full 0):
 garbage-first heap   total 126976K, used 22528K [0x0000000084600000, 0x0000000100000000)
  region size 1024K, 23 young (23552K), 0 survivors (0K)
 Metaspace       used 5507K, committed 5696K, reserved 1114112K
  class space    used 665K, committed 768K, reserved 1048576K
}
Event: 2.014 GC heap after
{Heap after GC invocations=1 (full 0):
 garbage-first heap   total 126976K, used 3707K [0x0000000084600000, 0x0000000100000000)
  region size 1024K, 3 young (3072K), 3 survivors (3072K)
 Metaspace       used 5507K, committed 5696K, reserved 1114112K
  class space    used 665K, committed 768K, reserved 1048576K
}
Event: 4.116 GC heap before
{Heap before GC invocations=1 (full 0):
 garbage-first heap   total 126976K, used 34427K [0x0000000084600000, 0x0000000100000000)
  region size 1024K, 33 young (33792K), 3 survivors (3072K)
 Metaspace       used 9989K, committed 10112K, reserved 1114112K
  class space    used 1218K, committed 1280K, reserved 1048576K
}
Event: 4.131 GC heap after
{Heap after GC invocations=2 (full 0):
 garbage-first heap   total 126976K, used 5423K [0x0000000084600000, 0x0000000100000000)
  region size 1024K, 2 young (2048K), 2 survivors (2048K)
 Metaspace       used 9989K, committed 10112K, reserved 1114112K
  class space    used 1218K, committed 1280K, reserved 1048576K
}
Event: 10.699 GC heap before
{Heap before GC invocations=2 (full 0):
 garbage-first heap   total 126976K, used 79151K [0x0000000084600000, 0x0000000100000000)
  region size 1024K, 74 young (75776K), 2 survivors (2048K)
 Metaspace       used 15658K, committed 15872K, reserved 1114112K
  class space    used 1858K, committed 1920K, reserved 1048576K
}
Event: 10.978 GC heap after
{Heap after GC invocations=3 (full 0):
 garbage-first heap   total 126976K, used 13418K [0x0000000084600000, 0x0000000100000000)
  region size 1024K, 10 young (10240K), 10 survivors (10240K)
 Metaspace       used 15658K, committed 15872K, reserved 1114112K
  class space    used 1858K, committed 1920K, reserved 1048576K
}
Event: 15.551 GC heap before
{Heap before GC invocations=3 (full 0):
 garbage-first heap   total 126976K, used 64618K [0x0000000084600000, 0x0000000100000000)
  region size 1024K, 60 young (61440K), 10 survivors (10240K)
 Metaspace       used 16154K, committed 16320K, reserved 1114112K
  class space    used 1867K, committed 1920K, reserved 1048576K
}
Event: 16.203 GC heap after
{Heap after GC invocations=4 (full 0):
 garbage-first heap   total 126976K, used 16703K [0x0000000084600000, 0x0000000100000000)
  region size 1024K, 4 young (4096K), 4 survivors (4096K)
 Metaspace       used 16154K, committed 16320K, reserved 1114112K
  class space    used 1867K, committed 1920K, reserved 1048576K
}
Event: 24.236 GC heap before
{Heap before GC invocations=4 (full 0):
 garbage-first heap   total 126976K, used 38207K [0x0000000084600000, 0x0000000100000000)
  region size 1024K, 25 young (25600K), 4 survivors (4096K)
 Metaspace       used 16311K, committed 16576K, reserved 1114112K
  class space    used 1868K, committed 1984K, reserved 1048576K
}
Event: 24.412 GC heap after
{Heap after GC invocations=5 (full 0):
 garbage-first heap   total 126976K, used 18343K [0x0000000084600000, 0x0000000100000000)
  region size 1024K, 2 young (2048K), 2 survivors (2048K)
 Metaspace       used 16311K, committed 16576K, reserved 1114112K
  class space    used 1868K, committed 1984K, reserved 1048576K
}
Event: 38.517 GC heap before
{Heap before GC invocations=5 (full 0):
 garbage-first heap   total 126976K, used 60327K [0x0000000084600000, 0x0000000100000000)
  region size 1024K, 43 young (44032K), 2 survivors (2048K)
 Metaspace       used 20053K, committed 20352K, reserved 1114112K
  class space    used 2295K, committed 2432K, reserved 1048576K
}
Event: 38.531 GC heap after
{Heap after GC invocations=6 (full 0):
 garbage-first heap   total 126976K, used 20992K [0x0000000084600000, 0x0000000100000000)
  region size 1024K, 4 young (4096K), 4 survivors (4096K)
 Metaspace       used 20053K, committed 20352K, reserved 1114112K
  class space    used 2295K, committed 2432K, reserved 1048576K
}
Event: 40.756 GC heap before
{Heap before GC invocations=6 (full 0):
 garbage-first heap   total 126976K, used 42496K [0x0000000084600000, 0x0000000100000000)
  region size 1024K, 21 young (21504K), 4 survivors (4096K)
 Metaspace       used 21167K, committed 21504K, reserved 1114112K
  class space    used 2444K, committed 2624K, reserved 1048576K
}
Event: 40.894 GC heap after
{Heap after GC invocations=7 (full 0):
 garbage-first heap   total 126976K, used 28226K [0x0000000084600000, 0x0000000100000000)
  region size 1024K, 6 young (6144K), 6 survivors (6144K)
 Metaspace       used 21167K, committed 21504K, reserved 1114112K
  class space    used 2444K, committed 2624K, reserved 1048576K
}
Event: 41.357 GC heap before
{Heap before GC invocations=8 (full 0):
 garbage-first heap   total 99328K, used 30274K [0x0000000084600000, 0x0000000100000000)
  region size 1024K, 9 young (9216K), 6 survivors (6144K)
 Metaspace       used 25544K, committed 25792K, reserved 1114112K
  class space    used 2950K, committed 3072K, reserved 1048576K
}
Event: 41.389 GC heap after
{Heap after GC invocations=9 (full 0):
 garbage-first heap   total 152576K, used 27516K [0x0000000084600000, 0x0000000100000000)
  region size 1024K, 2 young (2048K), 2 survivors (2048K)
 Metaspace       used 25544K, committed 25792K, reserved 1114112K
  class space    used 2950K, committed 3072K, reserved 1048576K
}

Deoptimization events (20 events):
Event: 41.763 Thread 0x000001786aaa1ae0 Uncommon trap: trap_request=0xffffffbe fr.pc=0x0000017807cb04bc relative=0x00000000000003fc
Event: 41.763 Thread 0x000001786aaa1ae0 Uncommon trap: reason=profile_predicate action=maybe_recompile pc=0x0000017807cb04bc method=java.util.regex.Pattern$CharPropertyGreedy.match(Ljava/util/regex/Matcher;ILjava/lang/CharSequence;)Z @ 97 c2
Event: 41.763 Thread 0x000001786aaa1ae0 DEOPT PACKING pc=0x0000017807cb04bc sp=0x00000028c8dfca70
Event: 41.763 Thread 0x000001786aaa1ae0 DEOPT UNPACKING pc=0x0000017807585ba3 sp=0x00000028c8dfca50 mode 2
Event: 41.765 Thread 0x000001786aaa1ae0 Uncommon trap: trap_request=0xffffffbe fr.pc=0x0000017807c828a8 relative=0x0000000000000ce8
Event: 41.765 Thread 0x000001786aaa1ae0 Uncommon trap: reason=profile_predicate action=maybe_recompile pc=0x0000017807c828a8 method=java.util.regex.Pattern$CharPropertyGreedy.match(Ljava/util/regex/Matcher;ILjava/lang/CharSequence;)Z @ 12 c2
Event: 41.765 Thread 0x000001786aaa1ae0 DEOPT PACKING pc=0x0000017807c828a8 sp=0x00000028c8dfca60
Event: 41.765 Thread 0x000001786aaa1ae0 DEOPT UNPACKING pc=0x0000017807585ba3 sp=0x00000028c8dfca50 mode 2
Event: 41.839 Thread 0x000001786aaa1ae0 Uncommon trap: trap_request=0xffffff45 fr.pc=0x0000017807cdfec8 relative=0x0000000000002b28
Event: 41.839 Thread 0x000001786aaa1ae0 Uncommon trap: reason=unstable_if action=reinterpret pc=0x0000017807cdfec8 method=com.sun.tools.javac.util.Name$Table.equals([BI[BII)Z @ 22 c2
Event: 41.839 Thread 0x000001786aaa1ae0 DEOPT PACKING pc=0x0000017807cdfec8 sp=0x00000028c8dfbe60
Event: 41.839 Thread 0x000001786aaa1ae0 DEOPT UNPACKING pc=0x0000017807585ba3 sp=0x00000028c8dfbb88 mode 2
Event: 41.873 Thread 0x000001786aaa1ae0 Uncommon trap: trap_request=0xffffff45 fr.pc=0x0000017807c26f70 relative=0x00000000000001f0
Event: 41.873 Thread 0x000001786aaa1ae0 Uncommon trap: reason=unstable_if action=reinterpret pc=0x0000017807c26f70 method=com.sun.tools.javac.util.Name$Table.equals([BI[BII)Z @ 22 c2
Event: 41.873 Thread 0x000001786aaa1ae0 DEOPT PACKING pc=0x0000017807c26f70 sp=0x00000028c8dfc610
Event: 41.873 Thread 0x000001786aaa1ae0 DEOPT UNPACKING pc=0x0000017807585ba3 sp=0x00000028c8dfc588 mode 2
Event: 41.986 Thread 0x000001786aaa1ae0 Uncommon trap: trap_request=0xffffff45 fr.pc=0x0000017807cb34d4 relative=0x0000000000002114
Event: 41.986 Thread 0x000001786aaa1ae0 Uncommon trap: reason=unstable_if action=reinterpret pc=0x0000017807cb34d4 method=java.lang.String.<init>([BIILjava/nio/charset/Charset;)V @ 18 c2
Event: 41.986 Thread 0x000001786aaa1ae0 DEOPT PACKING pc=0x0000017807cb34d4 sp=0x00000028c8dfc400
Event: 41.986 Thread 0x000001786aaa1ae0 DEOPT UNPACKING pc=0x0000017807585ba3 sp=0x00000028c8dfc3b8 mode 2

Classes unloaded (0 events):
No events

Classes redefined (0 events):
No events

Internal exceptions (20 events):
Event: 37.281 Thread 0x000001786aaa1ae0 Exception <a 'sun/nio/fs/WindowsException'{0x0000000089954188}> (0x0000000089954188) 
thrown [s\open\src\hotspot\share\prims\jni.cpp, line 516]
Event: 37.397 Thread 0x000001786aaa1ae0 Exception <a 'java/lang/IncompatibleClassChangeError'{0x000000008998a0a8}: Found class java.lang.Object, but interface was expected> (0x000000008998a0a8) 
thrown [s\open\src\hotspot\share\interpreter\linkResolver.cpp, line 826]
Event: 38.349 Thread 0x000001786aaa1ae0 Exception <a 'java/lang/NoSuchMethodError'{0x0000000089738008}: 'int java.lang.invoke.DirectMethodHandle$Holder.invokeInterface(java.lang.Object, java.lang.Object)'> (0x0000000089738008) 
thrown [s\open\src\hotspot\share\interpreter\linkResolver.cpp, line 759]
Event: 39.100 Thread 0x000001786aaa1ae0 Exception <a 'java/lang/NoSuchMethodError'{0x000000008b978fd0}: 'int java.lang.invoke.DirectMethodHandle$Holder.invokeVirtual(java.lang.Object, java.lang.Object, java.lang.Object)'> (0x000000008b978fd0) 
thrown [s\open\src\hotspot\share\interpreter\linkResolver.cpp, line 759]
Event: 39.108 Thread 0x000001786aaa1ae0 Exception <a 'java/lang/NoSuchMethodError'{0x000000008b9878a8}: 'int java.lang.invoke.DirectMethodHandle$Holder.invokeStaticInit(java.lang.Object, java.lang.Object, java.lang.Object)'> (0x000000008b9878a8) 
thrown [s\open\src\hotspot\share\interpreter\linkResolver.cpp, line 759]
Event: 39.310 Thread 0x000001786aaa1ae0 Implicit null exception at 0x0000017807d9e10c to 0x0000017807d9e242
Event: 39.917 Thread 0x000001786aaa1ae0 Exception <a 'sun/nio/fs/WindowsException'{0x000000008b134d10}> (0x000000008b134d10) 
thrown [s\open\src\hotspot\share\prims\jni.cpp, line 516]
Event: 39.917 Thread 0x000001786aaa1ae0 Exception <a 'sun/nio/fs/WindowsException'{0x000000008b135000}> (0x000000008b135000) 
thrown [s\open\src\hotspot\share\prims\jni.cpp, line 516]
Event: 41.205 Thread 0x000001786aaa1ae0 Exception <a 'java/lang/NoSuchMethodError'{0x0000000089f61950}: 'java.lang.Object java.lang.invoke.DirectMethodHandle$Holder.newInvokeSpecial(java.lang.Object, java.lang.Object, java.lang.Object, java.lang.Object, java.lang.Object, java.lang.Object)'> (0x0000000089f61950) 
thrown [s\open\src\hotspot\share\interpreter\linkResolver.cpp, line 759]
Event: 41.235 Thread 0x000001786aaa1ae0 Exception <a 'sun/nio/fs/WindowsException'{0x0000000089fb12c8}> (0x0000000089fb12c8) 
thrown [s\open\src\hotspot\share\prims\jni.cpp, line 516]
Event: 41.235 Thread 0x000001786aaa1ae0 Exception <a 'sun/nio/fs/WindowsException'{0x0000000089fb1518}> (0x0000000089fb1518) 
thrown [s\open\src\hotspot\share\prims\jni.cpp, line 516]
Event: 41.842 Thread 0x000001786aaa1ae0 Exception <a 'sun/nio/fs/WindowsException'{0x000000008d822d18}> (0x000000008d822d18) 
thrown [s\open\src\hotspot\share\prims\jni.cpp, line 516]
Event: 41.843 Thread 0x000001786aaa1ae0 Exception <a 'sun/nio/fs/WindowsException'{0x000000008d823028}> (0x000000008d823028) 
thrown [s\open\src\hotspot\share\prims\jni.cpp, line 516]
Event: 41.843 Thread 0x000001786aaa1ae0 Exception <a 'sun/nio/fs/WindowsException'{0x000000008d8240e0}> (0x000000008d8240e0) 
thrown [s\open\src\hotspot\share\prims\jni.cpp, line 516]
Event: 41.843 Thread 0x000001786aaa1ae0 Exception <a 'sun/nio/fs/WindowsException'{0x000000008d824470}> (0x000000008d824470) 
thrown [s\open\src\hotspot\share\prims\jni.cpp, line 516]
Event: 41.843 Thread 0x000001786aaa1ae0 Exception <a 'sun/nio/fs/WindowsException'{0x000000008d8255e0}> (0x000000008d8255e0) 
thrown [s\open\src\hotspot\share\prims\jni.cpp, line 516]
Event: 41.843 Thread 0x000001786aaa1ae0 Exception <a 'sun/nio/fs/WindowsException'{0x000000008d825900}> (0x000000008d825900) 
thrown [s\open\src\hotspot\share\prims\jni.cpp, line 516]
Event: 41.874 Thread 0x000001786aaa1ae0 Exception <a 'java/lang/NoSuchMethodError'{0x000000008d8b7308}: 'java.lang.Object java.lang.invoke.DirectMethodHandle$Holder.invokeVirtual(java.lang.Object, java.lang.Object, java.lang.Object, int, int)'> (0x000000008d8b7308) 
thrown [s\open\src\hotspot\share\interpreter\linkResolver.cpp, line 759]
Event: 41.876 Thread 0x000001786aaa1ae0 Exception <a 'java/lang/NoSuchMethodError'{0x000000008d8be118}: 'java.lang.Object java.lang.invoke.DirectMethodHandle$Holder.invokeVirtual(java.lang.Object, java.lang.Object, int)'> (0x000000008d8be118) 
thrown [s\open\src\hotspot\share\interpreter\linkResolver.cpp, line 759]
Event: 41.889 Thread 0x000001786aaa1ae0 Exception <a 'java/lang/NoSuchMethodError'{0x000000008d8f0340}: 'java.lang.Object java.lang.invoke.DirectMethodHandle$Holder.invokeSpecial(java.lang.Object, java.lang.Object, java.lang.Object, int, int)'> (0x000000008d8f0340) 
thrown [s\open\src\hotspot\share\interpreter\linkResolver.cpp, line 759]

VM Operations (20 events):
Event: 39.518 Executing VM operation: HandshakeAllThreads
Event: 39.519 Executing VM operation: HandshakeAllThreads done
Event: 39.537 Executing VM operation: HandshakeAllThreads
Event: 39.537 Executing VM operation: HandshakeAllThreads done
Event: 39.537 Executing VM operation: Cleanup
Event: 39.537 Executing VM operation: Cleanup done
Event: 39.629 Executing VM operation: HandshakeAllThreads
Event: 39.630 Executing VM operation: HandshakeAllThreads done
Event: 39.863 Executing VM operation: HandshakeAllThreads
Event: 39.918 Executing VM operation: HandshakeAllThreads done
Event: 40.203 Executing VM operation: HandshakeAllThreads
Event: 40.203 Executing VM operation: HandshakeAllThreads done
Event: 40.755 Executing VM operation: CollectForMetadataAllocation
Event: 40.902 Executing VM operation: CollectForMetadataAllocation done
Event: 40.990 Executing VM operation: G1Concurrent
Event: 40.997 Executing VM operation: G1Concurrent done
Event: 41.007 Executing VM operation: G1Concurrent
Event: 41.009 Executing VM operation: G1Concurrent done
Event: 41.357 Executing VM operation: G1CollectForAllocation
Event: 41.389 Executing VM operation: G1CollectForAllocation done

Events (20 events):
Event: 41.274 loading class java/lang/UnsupportedClassVersionError done
Event: 41.275 loading class java/util/ImmutableCollections$Access
Event: 41.276 loading class java/util/ImmutableCollections$Access done
Event: 41.276 loading class java/util/ImmutableCollections$Access$1
Event: 41.276 loading class jdk/internal/access/JavaUtilCollectionAccess
Event: 41.276 loading class jdk/internal/access/JavaUtilCollectionAccess done
Event: 41.276 loading class java/util/ImmutableCollections$Access$1 done
Event: 41.319 loading class java/util/regex/Pattern$Caret
Event: 41.319 loading class java/util/regex/Pattern$Caret done
Event: 41.328 loading class java/util/BitSet
Event: 41.329 loading class java/util/BitSet done
Event: 41.763 Thread 0x000001787fa4b620 Thread added: 0x000001787fa4b620
Event: 41.844 loading class java/util/regex/Pattern$Bound
Event: 41.844 loading class java/util/regex/Pattern$Bound done
Event: 41.966 loading class java/util/RegularEnumSet$EnumSetIterator
Event: 41.966 loading class java/util/RegularEnumSet$EnumSetIterator done
Event: 41.968 loading class java/nio/file/FileVisitor
Event: 41.968 loading class java/nio/file/FileVisitor done
Event: 41.969 loading class sun/nio/fs/WindowsFileStore
Event: 41.979 loading class sun/nio/fs/WindowsFileStore done


Dynamic libraries:
0x00007ff62ec80000 - 0x00007ff62ec90000 	C:\Program Files\Java\jdk-17.0.12\bin\java.exe
0x00007ff973460000 - 0x00007ff9736c0000 	C:\WINDOWS\SYSTEM32\ntdll.dll
0x00007ff9729b0000 - 0x00007ff972a77000 	C:\WINDOWS\System32\KERNEL32.DLL
0x00007ff9706d0000 - 0x00007ff970a9a000 	C:\WINDOWS\System32\KERNELBASE.dll
0x00007ff970c00000 - 0x00007ff970d4b000 	C:\WINDOWS\System32\ucrtbase.dll
0x00007ff95eea0000 - 0x00007ff95eebb000 	C:\Program Files\Java\jdk-17.0.12\bin\VCRUNTIME140.dll
0x00007ff95f1b0000 - 0x00007ff95f1c9000 	C:\Program Files\Java\jdk-17.0.12\bin\jli.dll
0x00007ff972d30000 - 0x00007ff972de2000 	C:\WINDOWS\System32\ADVAPI32.dll
0x00007ff971cf0000 - 0x00007ff971d99000 	C:\WINDOWS\System32\msvcrt.dll
0x00007ff972e90000 - 0x00007ff972f36000 	C:\WINDOWS\System32\sechost.dll
0x00007ff9712f0000 - 0x00007ff971406000 	C:\WINDOWS\System32\RPCRT4.dll
0x00007ff972060000 - 0x00007ff97222c000 	C:\WINDOWS\System32\USER32.dll
0x00007ff970f40000 - 0x00007ff970f67000 	C:\WINDOWS\System32\win32u.dll
0x00007ff9444d0000 - 0x00007ff944767000 	C:\WINDOWS\WinSxS\amd64_microsoft.windows.common-controls_6595b64144ccf1df_6.0.26100.3624_none_3e086962e3345f24\COMCTL32.dll
0x00007ff972e60000 - 0x00007ff972e8a000 	C:\WINDOWS\System32\GDI32.dll
0x00007ff970e00000 - 0x00007ff970f31000 	C:\WINDOWS\System32\gdi32full.dll
0x00007ff970d50000 - 0x00007ff970df3000 	C:\WINDOWS\System32\msvcp_win.dll
0x00007ff95dc10000 - 0x00007ff95dc1b000 	C:\WINDOWS\SYSTEM32\VERSION.dll
0x00007ff972c70000 - 0x00007ff972c9f000 	C:\WINDOWS\System32\IMM32.DLL
0x00007ff95ed90000 - 0x00007ff95ed9c000 	C:\Program Files\Java\jdk-17.0.12\bin\vcruntime140_1.dll
0x00007ff94c8e0000 - 0x00007ff94c96e000 	C:\Program Files\Java\jdk-17.0.12\bin\msvcp140.dll
0x00007ff88fe30000 - 0x00007ff890a10000 	C:\Program Files\Java\jdk-17.0.12\bin\server\jvm.dll
0x00007ff973410000 - 0x00007ff973418000 	C:\WINDOWS\System32\PSAPI.DLL
0x00007ff9647d0000 - 0x00007ff964806000 	C:\WINDOWS\SYSTEM32\WINMM.dll
0x00007ff926270000 - 0x00007ff92627a000 	C:\WINDOWS\SYSTEM32\WSOCK32.dll
0x00007ff972cb0000 - 0x00007ff972d24000 	C:\WINDOWS\System32\WS2_32.dll
0x00007ff96f450000 - 0x00007ff96f46a000 	C:\WINDOWS\SYSTEM32\kernel.appcore.dll
0x00007ff95ed80000 - 0x00007ff95ed8a000 	C:\Program Files\Java\jdk-17.0.12\bin\jimage.dll
0x00007ff96dd00000 - 0x00007ff96df41000 	C:\WINDOWS\SYSTEM32\DBGHELP.DLL
0x00007ff973000000 - 0x00007ff973382000 	C:\WINDOWS\System32\combase.dll
0x00007ff971da0000 - 0x00007ff971e76000 	C:\WINDOWS\System32\OLEAUT32.dll
0x00007ff9364b0000 - 0x00007ff9364e9000 	C:\WINDOWS\SYSTEM32\dbgcore.DLL
0x00007ff970b60000 - 0x00007ff970bf9000 	C:\WINDOWS\System32\bcryptPrimitives.dll
0x00007ff95db60000 - 0x00007ff95db85000 	C:\Program Files\Java\jdk-17.0.12\bin\java.dll
0x00007ff94c6c0000 - 0x00007ff94c797000 	C:\Program Files\Java\jdk-17.0.12\bin\jsvml.dll
0x00007ff9715c0000 - 0x00007ff971ce9000 	C:\WINDOWS\System32\SHELL32.dll
0x00007ff970f70000 - 0x00007ff9710d8000 	C:\WINDOWS\System32\wintypes.dll
0x00007ff96e2b0000 - 0x00007ff96eb02000 	C:\WINDOWS\SYSTEM32\windows.storage.dll
0x00007ff971410000 - 0x00007ff9714fd000 	C:\WINDOWS\System32\SHCORE.dll
0x00007ff972df0000 - 0x00007ff972e54000 	C:\WINDOWS\System32\shlwapi.dll
0x00007ff970550000 - 0x00007ff97057f000 	C:\WINDOWS\SYSTEM32\profapi.dll
0x00007ff95daa0000 - 0x00007ff95dab9000 	C:\Program Files\Java\jdk-17.0.12\bin\net.dll
0x00007ff968040000 - 0x00007ff96815d000 	C:\WINDOWS\SYSTEM32\WINHTTP.dll
0x00007ff96f970000 - 0x00007ff96f9da000 	C:\WINDOWS\system32\mswsock.dll
0x00007ff95da80000 - 0x00007ff95da96000 	C:\Program Files\Java\jdk-17.0.12\bin\nio.dll
0x00007ff95d910000 - 0x00007ff95d928000 	C:\Program Files\Java\jdk-17.0.12\bin\zip.dll
0x00007ff94ef90000 - 0x00007ff94efb4000 	C:\apache-maven-3.9.9\lib\jansi-native\Windows\x86_64\jansi.dll
0x00007ff95d900000 - 0x00007ff95d910000 	C:\Program Files\Java\jdk-17.0.12\bin\verify.dll
0x00007ff96f570000 - 0x00007ff96f5a5000 	C:\WINDOWS\SYSTEM32\ntmarta.dll

dbghelp: loaded successfully - version: 4.0.5 - missing functions: none
symbol engine: initialized successfully - sym options: 0x614 - pdb path: .;C:\Program Files\Java\jdk-17.0.12\bin;C:\WINDOWS\SYSTEM32;C:\WINDOWS\WinSxS\amd64_microsoft.windows.common-controls_6595b64144ccf1df_6.0.26100.3624_none_3e086962e3345f24;C:\Program Files\Java\jdk-17.0.12\bin\server;C:\apache-maven-3.9.9\lib\jansi-native\Windows\x86_64

VM Arguments:
jvm_args: -Dclassworlds.conf=C:\apache-maven-3.9.9\bin\m2.conf -Dmaven.home=C:\apache-maven-3.9.9 -Dlibrary.jansi.path=C:\apache-maven-3.9.9\lib\jansi-native -Dmaven.multiModuleProjectDirectory=D:\Github\KienTrucvaThietKe_phanMem\auth_service 
java_command: org.codehaus.plexus.classworlds.launcher.Launcher clean package -DskipTests
java_class_path (initial): C:\apache-maven-3.9.9\boot\plexus-classworlds-2.8.0.jar
Launcher Type: SUN_STANDARD

[Global flags]
     intx CICompilerCount                          = 4                                         {product} {ergonomic}
     uint ConcGCThreads                            = 2                                         {product} {ergonomic}
     uint G1ConcRefinementThreads                  = 8                                         {product} {ergonomic}
   size_t G1HeapRegionSize                         = 1048576                                   {product} {ergonomic}
    uintx GCDrainStackTargetSize                   = 64                                        {product} {ergonomic}
   size_t InitialHeapSize                          = 130023424                                 {product} {ergonomic}
   size_t MarkStackSize                            = 4194304                                   {product} {ergonomic}
   size_t MaxHeapSize                              = 2074083328                                {product} {ergonomic}
   size_t MaxNewSize                               = 1243611136                                {product} {ergonomic}
   size_t MinHeapDeltaBytes                        = 1048576                                   {product} {ergonomic}
   size_t MinHeapSize                              = 8388608                                   {product} {ergonomic}
    uintx NonNMethodCodeHeapSize                   = 5839372                                {pd product} {ergonomic}
    uintx NonProfiledCodeHeapSize                  = 122909434                              {pd product} {ergonomic}
    uintx ProfiledCodeHeapSize                     = 122909434                              {pd product} {ergonomic}
    uintx ReservedCodeCacheSize                    = 251658240                              {pd product} {ergonomic}
     bool SegmentedCodeCache                       = true                                      {product} {ergonomic}
   size_t SoftMaxHeapSize                          = 2074083328                             {manageable} {ergonomic}
     bool UseCompressedClassPointers               = true                           {product lp64_product} {ergonomic}
     bool UseCompressedOops                        = true                           {product lp64_product} {ergonomic}
     bool UseG1GC                                  = true                                      {product} {ergonomic}
     bool UseLargePagesIndividualAllocation        = false                                  {pd product} {ergonomic}

Logging:
Log output configuration:
 #0: stdout all=warning uptime,level,tags
 #1: stderr all=off uptime,level,tags

Environment Variables:
JAVA_HOME=C:\Program Files\Java\jdk-17.0.12
PATH=C:\Program Files\Common Files\Oracle\Java\javapath;C:\Program Files\Microsoft MPI\Bin\;C:\ProgramData\Oracle\Java\javapath;C:\Program Files (x86)\VMware\VMware Workstation\bin\;C:\WINDOWS\system32;C:\WINDOWS;C:\WINDOWS\System32\Wbem;C:\WINDOWS\System32\WindowsPowerShell\v1.0\;C:\WINDOWS\System32\OpenSSH\;C:\mongosh-1.6.1\bin;C:\Program Files\MongoDB\Server\6.0\bin;C:\Program Files\dotnet\;C:\Program Files (x86)\Microsoft SQL Server\160\Tools\Binn\;C:\Program Files\Microsoft SQL Server\160\Tools\Binn\;C:\Program Files\Microsoft SQL Server\Client SDK\ODBC\170\Tools\Binn\;C:\Program Files\Microsoft SQL Server\160\DTS\Binn\;C:\Program Files (x86)\Microsoft SQL Server\160\DTS\Binn\;C:\Program Files\nodejs\;C:\jdk-17.0.12\bin;C:\Program Files\Microsoft SQL Server\150\Tools\Binn\;C:\Program Files\Git\cmd;C:\Program Files\Git\bin;C:\Program Files (x86)\Windows Kits\10\Windows Performance Toolkit\;C:\Program Files\Git\bin;C:\flutter\bin;C:\Program Files\Docker\Docker\resources\bin;C:\apache-maven-3.9.9\bin;C:\flutter\bin;C:\Users\AD MIN\AppData\Local\Programs\Microsoft VS Code\bin;C:\Users\AD MIN\AppData\Local\GitHubDesktop\bin;C:\Users\AD MIN\AppData\Local\Android\Sdk\platform-tools;C:\apache-maven-3.9.9\bin;
USERNAME=AD MIN
LANG=en_US.UTF-8
OS=Windows_NT
PROCESSOR_IDENTIFIER=Intel64 Family 6 Model 140 Stepping 1, GenuineIntel



---------------  S Y S T E M  ---------------

OS:
 Windows 11 , 64 bit Build 26100 (10.0.26100.3775)
OS uptime: 0 days 2:24 hours
Hyper-V role detected

CPU: total 8 (initial active 8) (4 cores per cpu, 2 threads per core) family 6 model 140 stepping 1 microcode 0xba, cx8, cmov, fxsr, ht, mmx, 3dnowpref, sse, sse2, sse3, ssse3, sse4.1, sse4.2, popcnt, lzcnt, tsc, tscinvbit, avx, avx2, aes, erms, clmul, bmi1, bmi2, adx, avx512f, avx512dq, avx512cd, avx512bw, avx512vl, sha, fma, vzeroupper, avx512_vpopcntdq, avx512_vpclmulqdq, avx512_vaes, avx512_vnni, clflush, clflushopt, clwb, avx512_vbmi2, avx512_vbmi, hv

Memory: 4k page, system-wide physical 7908M (1014M free)
TotalPageFile size 28054M (AvailPageFile size 10M)
current process WorkingSet (physical memory assigned to process): 179M, peak: 179M
current process commit charge ("private bytes"): 299M, peak: 300M

vm_info: Java HotSpot(TM) 64-Bit Server VM (17.0.12+8-LTS-286) for windows-amd64 JRE (17.0.12+8-LTS-286), built on Jun  5 2024 06:46:59 by "mach5one" with MS VC++ 17.6 (VS2022)

END.
